<?xml version="1.0" encoding="UTF-8"?>
<testng-results ignored="0" total="1" passed="1" failed="0" skipped="0">
  <reporter-output>
  </reporter-output>
  <suite started-at="2025-01-01T17:34:47 IST" name="Default suite" finished-at="2025-01-01T17:36:11 IST" duration-ms="83280">
    <groups>
      <group name="cucumber">
        <method signature="AbstractTestNGCucumberTests.runScenario(io.cucumber.testng.PickleWrapper,io.cucumber.testng.FeatureWrapper)[pri:0, instance:runner.RunCuke@57250572]" name="runScenario" class="io.cucumber.testng.AbstractTestNGCucumberTests"/>
      </group> <!-- cucumber -->
    </groups>
    <test started-at="2025-01-01T17:34:47 IST" name="Default test" finished-at="2025-01-01T17:36:11 IST" duration-ms="83280">
      <class name="runner.RunCuke">
        <test-method is-config="true" signature="setUpClass(org.testng.ITestContext)[pri:0, instance:runner.RunCuke@57250572]" started-at="2025-01-01T17:34:48 IST" name="setUpClass" finished-at="2025-01-01T17:34:48 IST" duration-ms="760" status="PASS">
          <params>
            <param index="0">
              <value>
                <![CDATA[org.testng.TestRunner@1e3f0aea]]>
              </value>
            </param>
          </params>
          <reporter-output>
          </reporter-output>
        </test-method> <!-- setUpClass -->
        <test-method signature="runScenario(io.cucumber.testng.PickleWrapper,io.cucumber.testng.FeatureWrapper)[pri:0, instance:runner.RunCuke@57250572]" started-at="2025-01-01T17:34:48 IST" name="runScenario" description="Runs Cucumber Scenarios" data-provider="scenarios" finished-at="2025-01-01T17:36:10 IST" duration-ms="82077" status="PASS">
          <params>
            <param index="0">
              <value>
                <![CDATA["Finding new cars"]]>
              </value>
            </param>
            <param index="1">
              <value>
                <![CDATA["Searching new cars"]]>
              </value>
            </param>
          </params>
          <reporter-output>
          </reporter-output>
        </test-method> <!-- runScenario -->
        <test-method is-config="true" signature="tearDownClass()[pri:0, instance:runner.RunCuke@57250572]" started-at="2025-01-01T17:36:10 IST" name="tearDownClass" finished-at="2025-01-01T17:36:11 IST" duration-ms="365" status="PASS">
          <reporter-output>
          </reporter-output>
        </test-method> <!-- tearDownClass -->
      </class> <!-- runner.RunCuke -->
    </test> <!-- Default test -->
  </suite> <!-- Default suite -->
</testng-results>
